2023-04-21 20:47:52.195 INFO  com.jiawa.train.member.config.MemberApplication   :51   [32m                  [0;39m Starting MemberApplication using Java 17.0.6 with PID 2556 (D:\devCode\train\member\target\classes started by HJT in D:\devCode\train)
2023-04-21 20:47:52.200 INFO  com.jiawa.train.member.config.MemberApplication   :630  [32m                  [0;39m No active profile set, falling back to 1 default profile: "default"
2023-04-21 20:47:52.261 INFO  o.s.b.d.env.DevToolsPropertyDefaultsPostProcessor :250  [32m                  [0;39m Devtools property defaults active! Set 'spring.devtools.add-properties' to 'false' to disable
2023-04-21 20:47:52.261 INFO  o.s.b.d.env.DevToolsPropertyDefaultsPostProcessor :250  [32m                  [0;39m For additional web related logging consider setting the 'logging.level.web' property to 'DEBUG'
2023-04-21 20:47:53.132 INFO  o.springframework.cloud.context.scope.GenericScope:282  [32m                  [0;39m BeanFactory id=65e18ccd-3eaa-3333-b3a2-09c3cf0de91e
2023-04-21 20:47:53.834 INFO  o.s.boot.web.embedded.tomcat.TomcatWebServer      :114  [32m                  [0;39m Tomcat initialized with port(s): 8001 (http)
2023-04-21 20:47:53.844 INFO  org.apache.coyote.http11.Http11NioProtocol        :173  [32m                  [0;39m Initializing ProtocolHandler ["http-nio-8001"]
2023-04-21 20:47:53.845 INFO  org.apache.catalina.core.StandardService          :173  [32m                  [0;39m Starting service [Tomcat]
2023-04-21 20:47:53.845 INFO  org.apache.catalina.core.StandardEngine           :173  [32m                  [0;39m Starting Servlet engine: [Apache Tomcat/10.1.1]
2023-04-21 20:47:53.909 INFO  o.a.c.c.C.[Tomcat].[localhost].[/member]          :173  [32m                  [0;39m Initializing Spring embedded WebApplicationContext
2023-04-21 20:47:53.909 INFO  o.s.b.w.s.c.ServletWebServerApplicationContext    :291  [32m                  [0;39m Root WebApplicationContext: initialization completed in 1647 ms
2023-04-21 20:47:54.826 INFO  o.s.b.d.autoconfigure.OptionalLiveReloadServer    :59   [32m                  [0;39m LiveReload server is running on port 35729
2023-04-21 20:47:55.163 INFO  org.apache.coyote.http11.Http11NioProtocol        :173  [32m                  [0;39m Starting ProtocolHandler ["http-nio-8001"]
2023-04-21 20:47:55.186 INFO  o.s.boot.web.embedded.tomcat.TomcatWebServer      :226  [32m                  [0;39m Tomcat started on port(s): 8001 (http) with context path '/member'
2023-04-21 20:47:55.454 INFO  com.jiawa.train.member.config.MemberApplication   :57   [32m                  [0;39m Started MemberApplication in 4.128 seconds (process running for 4.873)
2023-04-21 20:47:55.459 INFO  com.jiawa.train.member.config.MemberApplication   :19   [32m                  [0;39m å¯åŠ¨æˆåŠŸï¼ï¼
2023-04-21 20:47:55.459 INFO  com.jiawa.train.member.config.MemberApplication   :20   [32m                  [0;39m æµ‹è¯•åœ°å€: 	http://127.0.0.1:8001/member/hello
2023-04-21 20:48:05.634 INFO  o.a.c.c.C.[Tomcat].[localhost].[/member]          :173  [32m                  [0;39m Initializing Spring DispatcherServlet 'dispatcherServlet'
2023-04-21 20:48:05.634 INFO  org.springframework.web.servlet.DispatcherServlet :525  [32m                  [0;39m Initializing Servlet 'dispatcherServlet'
2023-04-21 20:48:05.636 INFO  org.springframework.web.servlet.DispatcherServlet :547  [32m                  [0;39m Completed initialization in 1 ms
2023-04-21 20:48:05.681 INFO  com.jiawa.train.common.aspect.LogAspect           :53   [32m168208128567356y  [0;39m ------------- å¼€å§‹ -------------
2023-04-21 20:48:05.682 INFO  com.jiawa.train.common.aspect.LogAspect           :54   [32m168208128567356y  [0;39m è¯·æ±‚åœ°å€: http://127.0.0.1:8001/member/member/count GET
2023-04-21 20:48:05.683 INFO  com.jiawa.train.common.aspect.LogAspect           :55   [32m168208128567356y  [0;39m ç±»åæ–¹æ³•: com.jiawa.train.member.controller.MemberController.count
2023-04-21 20:48:05.684 INFO  com.jiawa.train.common.aspect.LogAspect           :56   [32m168208128567356y  [0;39m è¿œç¨‹åœ°å€: 127.0.0.1
2023-04-21 20:48:05.754 INFO  com.jiawa.train.common.aspect.LogAspect           :77   [32m168208128567356y  [0;39m è¯·æ±‚å‚æ•°: []
2023-04-21 20:48:05.801 INFO  com.zaxxer.hikari.HikariDataSource                :110  [32m168208128567356y  [0;39m HikariPool-1 - Starting...
2023-04-21 20:48:06.077 INFO  com.zaxxer.hikari.pool.HikariPool                 :565  [32m168208128567356y  [0;39m HikariPool-1 - Added connection com.mysql.cj.jdbc.ConnectionImpl@4a53caa1
2023-04-21 20:48:06.080 INFO  com.zaxxer.hikari.HikariDataSource                :123  [32m168208128567356y  [0;39m HikariPool-1 - Start completed.
2023-04-21 20:48:06.088 DEBUG c.j.t.member.mapper.MemberMapper.countByExample   :137  [32m168208128567356y  [0;39m ==>  Preparing: select count(*) from member
2023-04-21 20:48:06.111 DEBUG c.j.t.member.mapper.MemberMapper.countByExample   :137  [32m168208128567356y  [0;39m ==> Parameters: 
2023-04-21 20:48:06.153 TRACE c.j.t.member.mapper.MemberMapper.countByExample   :143  [32m168208128567356y  [0;39m <==    Columns: count(*)
2023-04-21 20:48:06.153 TRACE c.j.t.member.mapper.MemberMapper.countByExample   :143  [32m168208128567356y  [0;39m <==        Row: 1
2023-04-21 20:48:06.155 DEBUG c.j.t.member.mapper.MemberMapper.countByExample   :137  [32m168208128567356y  [0;39m <==      Total: 1
2023-04-21 20:48:06.162 INFO  com.jiawa.train.common.aspect.LogAspect           :89   [32m168208128567356y  [0;39m è¿”å›žç»“æžœ: 1
2023-04-21 20:48:06.163 INFO  com.jiawa.train.common.aspect.LogAspect           :90   [32m168208128567356y  [0;39m ------------- ç»“æŸ è€—æ—¶ï¼š490 ms -------------
2023-04-21 22:16:09.407 INFO  com.zaxxer.hikari.HikariDataSource                :350  [32m                  [0;39m HikariPool-1 - Shutdown initiated...
2023-04-21 22:16:09.418 INFO  com.zaxxer.hikari.HikariDataSource                :352  [32m                  [0;39m HikariPool-1 - Shutdown completed.
