2023-05-23 20:33:21.343 INFO  org.hibernate.validator.internal.util.Version     :21   [32m                  [0;39m HV000001: Hibernate Validator 8.0.0.Final
2023-05-23 20:33:21.389 INFO  com.jiawa.train.gateway.config.GateWayApplication :51   [32m                  [0;39m Starting GateWayApplication using Java 17.0.6 with PID 13932 (D:\devCode\train\gateway\target\classes started by HJT in D:\devCode\train)
2023-05-23 20:33:21.391 INFO  com.jiawa.train.gateway.config.GateWayApplication :630  [32m                  [0;39m No active profile set, falling back to 1 default profile: "default"
2023-05-23 20:33:21.461 INFO  o.s.b.d.env.DevToolsPropertyDefaultsPostProcessor :250  [32m                  [0;39m Devtools property defaults active! Set 'spring.devtools.add-properties' to 'false' to disable
2023-05-23 20:33:21.466 INFO  o.s.b.d.env.DevToolsPropertyDefaultsPostProcessor :250  [32m                  [0;39m For additional web related logging consider setting the 'logging.level.web' property to 'DEBUG'
2023-05-23 20:33:22.641 INFO  o.springframework.cloud.context.scope.GenericScope:282  [32m                  [0;39m BeanFactory id=961707ab-26f4-3ad8-8cb2-0e5c15368f0a
2023-05-23 20:33:24.032 INFO  o.s.c.gateway.route.RouteDefinitionRouteLocator   :88   [32m                  [0;39m Loaded RoutePredicateFactory [After]
2023-05-23 20:33:24.033 INFO  o.s.c.gateway.route.RouteDefinitionRouteLocator   :88   [32m                  [0;39m Loaded RoutePredicateFactory [Before]
2023-05-23 20:33:24.034 INFO  o.s.c.gateway.route.RouteDefinitionRouteLocator   :88   [32m                  [0;39m Loaded RoutePredicateFactory [Between]
2023-05-23 20:33:24.034 INFO  o.s.c.gateway.route.RouteDefinitionRouteLocator   :88   [32m                  [0;39m Loaded RoutePredicateFactory [Cookie]
2023-05-23 20:33:24.035 INFO  o.s.c.gateway.route.RouteDefinitionRouteLocator   :88   [32m                  [0;39m Loaded RoutePredicateFactory [Header]
2023-05-23 20:33:24.035 INFO  o.s.c.gateway.route.RouteDefinitionRouteLocator   :88   [32m                  [0;39m Loaded RoutePredicateFactory [Host]
2023-05-23 20:33:24.035 INFO  o.s.c.gateway.route.RouteDefinitionRouteLocator   :88   [32m                  [0;39m Loaded RoutePredicateFactory [Method]
2023-05-23 20:33:24.036 INFO  o.s.c.gateway.route.RouteDefinitionRouteLocator   :88   [32m                  [0;39m Loaded RoutePredicateFactory [Path]
2023-05-23 20:33:24.036 INFO  o.s.c.gateway.route.RouteDefinitionRouteLocator   :88   [32m                  [0;39m Loaded RoutePredicateFactory [Query]
2023-05-23 20:33:24.037 INFO  o.s.c.gateway.route.RouteDefinitionRouteLocator   :88   [32m                  [0;39m Loaded RoutePredicateFactory [ReadBody]
2023-05-23 20:33:24.037 INFO  o.s.c.gateway.route.RouteDefinitionRouteLocator   :88   [32m                  [0;39m Loaded RoutePredicateFactory [RemoteAddr]
2023-05-23 20:33:24.038 INFO  o.s.c.gateway.route.RouteDefinitionRouteLocator   :88   [32m                  [0;39m Loaded RoutePredicateFactory [XForwardedRemoteAddr]
2023-05-23 20:33:24.038 INFO  o.s.c.gateway.route.RouteDefinitionRouteLocator   :88   [32m                  [0;39m Loaded RoutePredicateFactory [Weight]
2023-05-23 20:33:24.038 INFO  o.s.c.gateway.route.RouteDefinitionRouteLocator   :88   [32m                  [0;39m Loaded RoutePredicateFactory [CloudFoundryRouteService]
2023-05-23 20:33:24.322 INFO  o.s.b.d.autoconfigure.OptionalLiveReloadServer    :59   [32m                  [0;39m LiveReload server is running on port 35729
2023-05-23 20:33:24.987 INFO  o.s.boot.web.embedded.netty.NettyWebServer        :111  [32m                  [0;39m Netty started on port 8000
2023-05-23 20:33:25.853 INFO  com.jiawa.train.gateway.config.GateWayApplication :57   [32m                  [0;39m Started GateWayApplication in 5.506 seconds (process running for 6.809)
2023-05-23 20:33:25.858 INFO  com.jiawa.train.gateway.config.GateWayApplication :17   [32m                  [0;39m å¯åŠ¨æˆåŠŸï¼ï¼
2023-05-23 20:33:25.858 INFO  com.jiawa.train.gateway.config.GateWayApplication :18   [32m                  [0;39m ç½‘å…³åœ°å€: 	http://127.0.0.1:8000
2023-05-23 20:40:56.283 INFO  com.jiawa.train.gateway.config.LoginMemberFilter  :28   [32m                  [0;39m ä¸éœ€è¦ç™»å½•éªŒè¯ï¼š/member/member/send-code
2023-05-23 20:40:57.069 INFO  com.jiawa.train.gateway.config.LoginMemberFilter  :28   [32m                  [0;39m ä¸éœ€è¦ç™»å½•éªŒè¯ï¼š/member/member/send-code
2023-05-23 20:41:08.480 INFO  com.jiawa.train.gateway.config.LoginMemberFilter  :28   [32m                  [0;39m ä¸éœ€è¦ç™»å½•éªŒè¯ï¼š/member/member/login
2023-05-23 20:41:10.520 INFO  com.jiawa.train.gateway.config.LoginMemberFilter  :31   [32m                  [0;39m éœ€è¦ç™»å½•éªŒè¯ï¼š/member/passenger/query-list
2023-05-23 20:41:10.521 INFO  com.jiawa.train.gateway.config.LoginMemberFilter  :35   [32m                  [0;39m ä¼šå‘˜ç™»å½•éªŒè¯å¼€å§‹ï¼Œtokenï¼šeyJ0eXAiOiJKV1QiLCJhbGciOiJIUzI1NiJ9.eyJuYmYiOjE2ODQ4NDU2NjgsIm1vYmlsZSI6IjEzMDAwMDAwMDAwIiwiaWQiOjE2NTA0OTY2MjE1OTI1ODAwOTYsImV4cCI6MTY4NDkzMjA2OCwiaWF0IjoxNjg0ODQ1NjY4fQ.Dik5XlcTjt_8VCYuSs5DIqtwp21FVwBrtIIa6fK4gkg
2023-05-23 20:41:11.229 INFO  com.jiawa.train.gateway.util.JwtUtil              :46   [32m                  [0;39m JWT tokenæ ¡éªŒç»“æœï¼štrue
2023-05-23 20:41:11.230 INFO  com.jiawa.train.gateway.config.LoginMemberFilter  :45   [32m                  [0;39m tokenæœ‰æ•ˆï¼Œæ”¾è¡Œè¯¥è¯·æ±‚
2023-05-23 20:41:19.415 INFO  com.jiawa.train.gateway.config.LoginMemberFilter  :31   [32m                  [0;39m éœ€è¦ç™»å½•éªŒè¯ï¼š/member/passenger/save
2023-05-23 20:41:19.416 INFO  com.jiawa.train.gateway.config.LoginMemberFilter  :35   [32m                  [0;39m ä¼šå‘˜ç™»å½•éªŒè¯å¼€å§‹ï¼Œtokenï¼šeyJ0eXAiOiJKV1QiLCJhbGciOiJIUzI1NiJ9.eyJuYmYiOjE2ODQ4NDU2NjgsIm1vYmlsZSI6IjEzMDAwMDAwMDAwIiwiaWQiOjE2NTA0OTY2MjE1OTI1ODAwOTYsImV4cCI6MTY4NDkzMjA2OCwiaWF0IjoxNjg0ODQ1NjY4fQ.Dik5XlcTjt_8VCYuSs5DIqtwp21FVwBrtIIa6fK4gkg
2023-05-23 20:41:19.417 INFO  com.jiawa.train.gateway.util.JwtUtil              :46   [32m                  [0;39m JWT tokenæ ¡éªŒç»“æœï¼štrue
2023-05-23 20:41:19.418 INFO  com.jiawa.train.gateway.config.LoginMemberFilter  :45   [32m                  [0;39m tokenæœ‰æ•ˆï¼Œæ”¾è¡Œè¯¥è¯·æ±‚
2023-05-23 20:41:22.574 INFO  com.jiawa.train.gateway.config.LoginMemberFilter  :31   [32m                  [0;39m éœ€è¦ç™»å½•éªŒè¯ï¼š/member/passenger/query-list
2023-05-23 20:41:22.574 INFO  com.jiawa.train.gateway.config.LoginMemberFilter  :35   [32m                  [0;39m ä¼šå‘˜ç™»å½•éªŒè¯å¼€å§‹ï¼Œtokenï¼šeyJ0eXAiOiJKV1QiLCJhbGciOiJIUzI1NiJ9.eyJuYmYiOjE2ODQ4NDU2NjgsIm1vYmlsZSI6IjEzMDAwMDAwMDAwIiwiaWQiOjE2NTA0OTY2MjE1OTI1ODAwOTYsImV4cCI6MTY4NDkzMjA2OCwiaWF0IjoxNjg0ODQ1NjY4fQ.Dik5XlcTjt_8VCYuSs5DIqtwp21FVwBrtIIa6fK4gkg
2023-05-23 20:41:22.575 INFO  com.jiawa.train.gateway.util.JwtUtil              :46   [32m                  [0;39m JWT tokenæ ¡éªŒç»“æœï¼štrue
2023-05-23 20:41:22.575 INFO  com.jiawa.train.gateway.config.LoginMemberFilter  :45   [32m                  [0;39m tokenæœ‰æ•ˆï¼Œæ”¾è¡Œè¯¥è¯·æ±‚
2023-05-23 20:42:01.544 INFO  com.jiawa.train.gateway.config.LoginMemberFilter  :31   [32m                  [0;39m éœ€è¦ç™»å½•éªŒè¯ï¼š/member/passenger/query-list
2023-05-23 20:42:01.545 INFO  com.jiawa.train.gateway.config.LoginMemberFilter  :35   [32m                  [0;39m ä¼šå‘˜ç™»å½•éªŒè¯å¼€å§‹ï¼Œtokenï¼šeyJ0eXAiOiJKV1QiLCJhbGciOiJIUzI1NiJ9.eyJuYmYiOjE2ODQ4NDU2NjgsIm1vYmlsZSI6IjEzMDAwMDAwMDAwIiwiaWQiOjE2NTA0OTY2MjE1OTI1ODAwOTYsImV4cCI6MTY4NDkzMjA2OCwiaWF0IjoxNjg0ODQ1NjY4fQ.Dik5XlcTjt_8VCYuSs5DIqtwp21FVwBrtIIa6fK4gkg
2023-05-23 20:42:01.546 INFO  com.jiawa.train.gateway.util.JwtUtil              :46   [32m                  [0;39m JWT tokenæ ¡éªŒç»“æœï¼štrue
2023-05-23 20:42:01.546 INFO  com.jiawa.train.gateway.config.LoginMemberFilter  :45   [32m                  [0;39m tokenæœ‰æ•ˆï¼Œæ”¾è¡Œè¯¥è¯·æ±‚
2023-05-23 20:42:22.237 INFO  com.jiawa.train.gateway.config.LoginMemberFilter  :31   [32m                  [0;39m éœ€è¦ç™»å½•éªŒè¯ï¼š/member/passenger/query-list
2023-05-23 20:42:22.238 INFO  com.jiawa.train.gateway.config.LoginMemberFilter  :35   [32m                  [0;39m ä¼šå‘˜ç™»å½•éªŒè¯å¼€å§‹ï¼Œtokenï¼šeyJ0eXAiOiJKV1QiLCJhbGciOiJIUzI1NiJ9.eyJuYmYiOjE2ODQ4NDU2NjgsIm1vYmlsZSI6IjEzMDAwMDAwMDAwIiwiaWQiOjE2NTA0OTY2MjE1OTI1ODAwOTYsImV4cCI6MTY4NDkzMjA2OCwiaWF0IjoxNjg0ODQ1NjY4fQ.Dik5XlcTjt_8VCYuSs5DIqtwp21FVwBrtIIa6fK4gkg
2023-05-23 20:42:22.239 INFO  com.jiawa.train.gateway.util.JwtUtil              :46   [32m                  [0;39m JWT tokenæ ¡éªŒç»“æœï¼štrue
2023-05-23 20:42:22.240 INFO  com.jiawa.train.gateway.config.LoginMemberFilter  :45   [32m                  [0;39m tokenæœ‰æ•ˆï¼Œæ”¾è¡Œè¯¥è¯·æ±‚
2023-05-23 20:42:27.534 INFO  com.jiawa.train.gateway.config.LoginMemberFilter  :31   [32m                  [0;39m éœ€è¦ç™»å½•éªŒè¯ï¼š/member/passenger/query-list
2023-05-23 20:42:27.535 INFO  com.jiawa.train.gateway.config.LoginMemberFilter  :35   [32m                  [0;39m ä¼šå‘˜ç™»å½•éªŒè¯å¼€å§‹ï¼Œtokenï¼šeyJ0eXAiOiJKV1QiLCJhbGciOiJIUzI1NiJ9.eyJuYmYiOjE2ODQ4NDU2NjgsIm1vYmlsZSI6IjEzMDAwMDAwMDAwIiwiaWQiOjE2NTA0OTY2MjE1OTI1ODAwOTYsImV4cCI6MTY4NDkzMjA2OCwiaWF0IjoxNjg0ODQ1NjY4fQ.Dik5XlcTjt_8VCYuSs5DIqtwp21FVwBrtIIa6fK4gkg
2023-05-23 20:42:27.536 INFO  com.jiawa.train.gateway.util.JwtUtil              :46   [32m                  [0;39m JWT tokenæ ¡éªŒç»“æœï¼štrue
2023-05-23 20:42:27.536 INFO  com.jiawa.train.gateway.config.LoginMemberFilter  :45   [32m                  [0;39m tokenæœ‰æ•ˆï¼Œæ”¾è¡Œè¯¥è¯·æ±‚
2023-05-23 20:43:50.389 INFO  com.jiawa.train.gateway.config.LoginMemberFilter  :28   [32m                  [0;39m ä¸éœ€è¦ç™»å½•éªŒè¯ï¼š/member/member/send-code
2023-05-23 20:43:50.961 INFO  com.jiawa.train.gateway.config.LoginMemberFilter  :28   [32m                  [0;39m ä¸éœ€è¦ç™»å½•éªŒè¯ï¼š/member/member/login
2023-05-23 20:43:52.196 INFO  com.jiawa.train.gateway.config.LoginMemberFilter  :31   [32m                  [0;39m éœ€è¦ç™»å½•éªŒè¯ï¼š/member/passenger/query-list
2023-05-23 20:43:52.197 INFO  com.jiawa.train.gateway.config.LoginMemberFilter  :35   [32m                  [0;39m ä¼šå‘˜ç™»å½•éªŒè¯å¼€å§‹ï¼Œtokenï¼šeyJ0eXAiOiJKV1QiLCJhbGciOiJIUzI1NiJ9.eyJuYmYiOjE2ODQ4NDU4MzAsIm1vYmlsZSI6IjEzMDAwMDAwMDAwIiwiaWQiOjE2NTA0OTY2MjE1OTI1ODAwOTYsImV4cCI6MTY4NDkzMjIzMCwiaWF0IjoxNjg0ODQ1ODMwfQ.uOywUubaIvUDOtjwPI7ndgatwrEXCifYKQf_ibvOTCg
2023-05-23 20:43:52.199 INFO  com.jiawa.train.gateway.util.JwtUtil              :46   [32m                  [0;39m JWT tokenæ ¡éªŒç»“æœï¼štrue
2023-05-23 20:43:52.199 INFO  com.jiawa.train.gateway.config.LoginMemberFilter  :45   [32m                  [0;39m tokenæœ‰æ•ˆï¼Œæ”¾è¡Œè¯¥è¯·æ±‚
2023-05-23 20:44:00.599 INFO  com.jiawa.train.gateway.config.LoginMemberFilter  :31   [32m                  [0;39m éœ€è¦ç™»å½•éªŒè¯ï¼š/member/passenger/query-list
2023-05-23 20:44:00.600 INFO  com.jiawa.train.gateway.config.LoginMemberFilter  :35   [32m                  [0;39m ä¼šå‘˜ç™»å½•éªŒè¯å¼€å§‹ï¼Œtokenï¼šeyJ0eXAiOiJKV1QiLCJhbGciOiJIUzI1NiJ9.eyJuYmYiOjE2ODQ4NDU2NjgsIm1vYmlsZSI6IjEzMDAwMDAwMDAwIiwiaWQiOjE2NTA0OTY2MjE1OTI1ODAwOTYsImV4cCI6MTY4NDkzMjA2OCwiaWF0IjoxNjg0ODQ1NjY4fQ.Dik5XlcTjt_8VCYuSs5DIqtwp21FVwBrtIIa6fK4gkg
2023-05-23 20:44:00.601 INFO  com.jiawa.train.gateway.util.JwtUtil              :46   [32m                  [0;39m JWT tokenæ ¡éªŒç»“æœï¼štrue
2023-05-23 20:44:00.601 INFO  com.jiawa.train.gateway.config.LoginMemberFilter  :45   [32m                  [0;39m tokenæœ‰æ•ˆï¼Œæ”¾è¡Œè¯¥è¯·æ±‚
2023-05-23 20:44:01.316 INFO  com.jiawa.train.gateway.config.LoginMemberFilter  :31   [32m                  [0;39m éœ€è¦ç™»å½•éªŒè¯ï¼š/member/passenger/query-list
2023-05-23 20:44:01.317 INFO  com.jiawa.train.gateway.config.LoginMemberFilter  :35   [32m                  [0;39m ä¼šå‘˜ç™»å½•éªŒè¯å¼€å§‹ï¼Œtokenï¼šeyJ0eXAiOiJKV1QiLCJhbGciOiJIUzI1NiJ9.eyJuYmYiOjE2ODQ4NDU4MzAsIm1vYmlsZSI6IjEzMDAwMDAwMDAwIiwiaWQiOjE2NTA0OTY2MjE1OTI1ODAwOTYsImV4cCI6MTY4NDkzMjIzMCwiaWF0IjoxNjg0ODQ1ODMwfQ.uOywUubaIvUDOtjwPI7ndgatwrEXCifYKQf_ibvOTCg
2023-05-23 20:44:01.317 INFO  com.jiawa.train.gateway.util.JwtUtil              :46   [32m                  [0;39m JWT tokenæ ¡éªŒç»“æœï¼štrue
2023-05-23 20:44:01.318 INFO  com.jiawa.train.gateway.config.LoginMemberFilter  :45   [32m                  [0;39m tokenæœ‰æ•ˆï¼Œæ”¾è¡Œè¯¥è¯·æ±‚
2023-05-23 20:46:42.683 INFO  com.jiawa.train.gateway.config.LoginMemberFilter  :31   [32m                  [0;39m éœ€è¦ç™»å½•éªŒè¯ï¼š/member/passenger/query-list
2023-05-23 20:46:42.684 INFO  com.jiawa.train.gateway.config.LoginMemberFilter  :35   [32m                  [0;39m ä¼šå‘˜ç™»å½•éªŒè¯å¼€å§‹ï¼Œtokenï¼šeyJ0eXAiOiJKV1QiLCJhbGciOiJIUzI1NiJ9.eyJuYmYiOjE2ODQ4NDU2NjgsIm1vYmlsZSI6IjEzMDAwMDAwMDAwIiwiaWQiOjE2NTA0OTY2MjE1OTI1ODAwOTYsImV4cCI6MTY4NDkzMjA2OCwiaWF0IjoxNjg0ODQ1NjY4fQ.Dik5XlcTjt_8VCYuSs5DIqtwp21FVwBrtIIa6fK4gkg
2023-05-23 20:46:42.685 INFO  com.jiawa.train.gateway.util.JwtUtil              :46   [32m                  [0;39m JWT tokenæ ¡éªŒç»“æœï¼štrue
2023-05-23 20:46:42.685 INFO  com.jiawa.train.gateway.config.LoginMemberFilter  :45   [32m                  [0;39m tokenæœ‰æ•ˆï¼Œæ”¾è¡Œè¯¥è¯·æ±‚
2023-05-23 20:46:42.729 INFO  com.jiawa.train.gateway.config.LoginMemberFilter  :31   [32m                  [0;39m éœ€è¦ç™»å½•éªŒè¯ï¼š/member/passenger/query-list
2023-05-23 20:46:42.729 INFO  com.jiawa.train.gateway.config.LoginMemberFilter  :35   [32m                  [0;39m ä¼šå‘˜ç™»å½•éªŒè¯å¼€å§‹ï¼Œtokenï¼šeyJ0eXAiOiJKV1QiLCJhbGciOiJIUzI1NiJ9.eyJuYmYiOjE2ODQ4NDU4MzAsIm1vYmlsZSI6IjEzMDAwMDAwMDAwIiwiaWQiOjE2NTA0OTY2MjE1OTI1ODAwOTYsImV4cCI6MTY4NDkzMjIzMCwiaWF0IjoxNjg0ODQ1ODMwfQ.uOywUubaIvUDOtjwPI7ndgatwrEXCifYKQf_ibvOTCg
2023-05-23 20:46:42.730 INFO  com.jiawa.train.gateway.util.JwtUtil              :46   [32m                  [0;39m JWT tokenæ ¡éªŒç»“æœï¼štrue
2023-05-23 20:46:42.730 INFO  com.jiawa.train.gateway.config.LoginMemberFilter  :45   [32m                  [0;39m tokenæœ‰æ•ˆï¼Œæ”¾è¡Œè¯¥è¯·æ±‚
2023-05-23 20:46:47.284 INFO  com.jiawa.train.gateway.config.LoginMemberFilter  :31   [32m                  [0;39m éœ€è¦ç™»å½•éªŒè¯ï¼š/member/passenger/query-list
2023-05-23 20:46:47.285 INFO  com.jiawa.train.gateway.config.LoginMemberFilter  :35   [32m                  [0;39m ä¼šå‘˜ç™»å½•éªŒè¯å¼€å§‹ï¼Œtokenï¼šeyJ0eXAiOiJKV1QiLCJhbGciOiJIUzI1NiJ9.eyJuYmYiOjE2ODQ4NDU4MzAsIm1vYmlsZSI6IjEzMDAwMDAwMDAwIiwiaWQiOjE2NTA0OTY2MjE1OTI1ODAwOTYsImV4cCI6MTY4NDkzMjIzMCwiaWF0IjoxNjg0ODQ1ODMwfQ.uOywUubaIvUDOtjwPI7ndgatwrEXCifYKQf_ibvOTCg
2023-05-23 20:46:47.286 INFO  com.jiawa.train.gateway.util.JwtUtil              :46   [32m                  [0;39m JWT tokenæ ¡éªŒç»“æœï¼štrue
2023-05-23 20:46:47.287 INFO  com.jiawa.train.gateway.config.LoginMemberFilter  :45   [32m                  [0;39m tokenæœ‰æ•ˆï¼Œæ”¾è¡Œè¯¥è¯·æ±‚
2023-05-23 20:47:03.016 INFO  com.jiawa.train.gateway.config.LoginMemberFilter  :31   [32m                  [0;39m éœ€è¦ç™»å½•éªŒè¯ï¼š/member/passenger/query-list
2023-05-23 20:47:03.016 INFO  com.jiawa.train.gateway.config.LoginMemberFilter  :35   [32m                  [0;39m ä¼šå‘˜ç™»å½•éªŒè¯å¼€å§‹ï¼Œtokenï¼šeyJ0eXAiOiJKV1QiLCJhbGciOiJIUzI1NiJ9.eyJuYmYiOjE2ODQ4NDU4MzAsIm1vYmlsZSI6IjEzMDAwMDAwMDAwIiwiaWQiOjE2NTA0OTY2MjE1OTI1ODAwOTYsImV4cCI6MTY4NDkzMjIzMCwiaWF0IjoxNjg0ODQ1ODMwfQ.uOywUubaIvUDOtjwPI7ndgatwrEXCifYKQf_ibvOTCg
2023-05-23 20:47:03.018 INFO  com.jiawa.train.gateway.util.JwtUtil              :46   [32m                  [0;39m JWT tokenæ ¡éªŒç»“æœï¼štrue
2023-05-23 20:47:03.018 INFO  com.jiawa.train.gateway.config.LoginMemberFilter  :45   [32m                  [0;39m tokenæœ‰æ•ˆï¼Œæ”¾è¡Œè¯¥è¯·æ±‚
2023-05-23 20:47:03.052 INFO  com.jiawa.train.gateway.config.LoginMemberFilter  :31   [32m                  [0;39m éœ€è¦ç™»å½•éªŒè¯ï¼š/member/passenger/query-list
2023-05-23 20:47:03.053 INFO  com.jiawa.train.gateway.config.LoginMemberFilter  :35   [32m                  [0;39m ä¼šå‘˜ç™»å½•éªŒè¯å¼€å§‹ï¼Œtokenï¼šeyJ0eXAiOiJKV1QiLCJhbGciOiJIUzI1NiJ9.eyJuYmYiOjE2ODQ4NDU2NjgsIm1vYmlsZSI6IjEzMDAwMDAwMDAwIiwiaWQiOjE2NTA0OTY2MjE1OTI1ODAwOTYsImV4cCI6MTY4NDkzMjA2OCwiaWF0IjoxNjg0ODQ1NjY4fQ.Dik5XlcTjt_8VCYuSs5DIqtwp21FVwBrtIIa6fK4gkg
2023-05-23 20:47:03.054 INFO  com.jiawa.train.gateway.util.JwtUtil              :46   [32m                  [0;39m JWT tokenæ ¡éªŒç»“æœï¼štrue
2023-05-23 20:47:03.054 INFO  com.jiawa.train.gateway.config.LoginMemberFilter  :45   [32m                  [0;39m tokenæœ‰æ•ˆï¼Œæ”¾è¡Œè¯¥è¯·æ±‚
2023-05-23 20:47:24.322 INFO  com.jiawa.train.gateway.config.LoginMemberFilter  :31   [32m                  [0;39m éœ€è¦ç™»å½•éªŒè¯ï¼š/member/passenger/query-list
2023-05-23 20:47:24.323 INFO  com.jiawa.train.gateway.config.LoginMemberFilter  :35   [32m                  [0;39m ä¼šå‘˜ç™»å½•éªŒè¯å¼€å§‹ï¼Œtokenï¼šeyJ0eXAiOiJKV1QiLCJhbGciOiJIUzI1NiJ9.eyJuYmYiOjE2ODQ4NDU4MzAsIm1vYmlsZSI6IjEzMDAwMDAwMDAwIiwiaWQiOjE2NTA0OTY2MjE1OTI1ODAwOTYsImV4cCI6MTY4NDkzMjIzMCwiaWF0IjoxNjg0ODQ1ODMwfQ.uOywUubaIvUDOtjwPI7ndgatwrEXCifYKQf_ibvOTCg
2023-05-23 20:47:24.324 INFO  com.jiawa.train.gateway.util.JwtUtil              :46   [32m                  [0;39m JWT tokenæ ¡éªŒç»“æœï¼štrue
2023-05-23 20:47:24.324 INFO  com.jiawa.train.gateway.config.LoginMemberFilter  :45   [32m                  [0;39m tokenæœ‰æ•ˆï¼Œæ”¾è¡Œè¯¥è¯·æ±‚
2023-05-23 20:48:11.205 INFO  com.jiawa.train.gateway.config.LoginMemberFilter  :31   [32m                  [0;39m éœ€è¦ç™»å½•éªŒè¯ï¼š/member/passenger/query-list
2023-05-23 20:48:11.206 INFO  com.jiawa.train.gateway.config.LoginMemberFilter  :35   [32m                  [0;39m ä¼šå‘˜ç™»å½•éªŒè¯å¼€å§‹ï¼Œtokenï¼šeyJ0eXAiOiJKV1QiLCJhbGciOiJIUzI1NiJ9.eyJuYmYiOjE2ODQ4NDU2NjgsIm1vYmlsZSI6IjEzMDAwMDAwMDAwIiwiaWQiOjE2NTA0OTY2MjE1OTI1ODAwOTYsImV4cCI6MTY4NDkzMjA2OCwiaWF0IjoxNjg0ODQ1NjY4fQ.Dik5XlcTjt_8VCYuSs5DIqtwp21FVwBrtIIa6fK4gkg
2023-05-23 20:48:11.208 INFO  com.jiawa.train.gateway.util.JwtUtil              :46   [32m                  [0;39m JWT tokenæ ¡éªŒç»“æœï¼štrue
2023-05-23 20:48:11.208 INFO  com.jiawa.train.gateway.config.LoginMemberFilter  :45   [32m                  [0;39m tokenæœ‰æ•ˆï¼Œæ”¾è¡Œè¯¥è¯·æ±‚
2023-05-23 20:48:15.693 INFO  com.jiawa.train.gateway.config.LoginMemberFilter  :31   [32m                  [0;39m éœ€è¦ç™»å½•éªŒè¯ï¼š/member/passenger/query-list
2023-05-23 20:48:15.693 INFO  com.jiawa.train.gateway.config.LoginMemberFilter  :35   [32m                  [0;39m ä¼šå‘˜ç™»å½•éªŒè¯å¼€å§‹ï¼Œtokenï¼šeyJ0eXAiOiJKV1QiLCJhbGciOiJIUzI1NiJ9.eyJuYmYiOjE2ODQ4NDU4MzAsIm1vYmlsZSI6IjEzMDAwMDAwMDAwIiwiaWQiOjE2NTA0OTY2MjE1OTI1ODAwOTYsImV4cCI6MTY4NDkzMjIzMCwiaWF0IjoxNjg0ODQ1ODMwfQ.uOywUubaIvUDOtjwPI7ndgatwrEXCifYKQf_ibvOTCg
2023-05-23 20:48:15.694 INFO  com.jiawa.train.gateway.util.JwtUtil              :46   [32m                  [0;39m JWT tokenæ ¡éªŒç»“æœï¼štrue
2023-05-23 20:48:15.695 INFO  com.jiawa.train.gateway.config.LoginMemberFilter  :45   [32m                  [0;39m tokenæœ‰æ•ˆï¼Œæ”¾è¡Œè¯¥è¯·æ±‚
2023-05-23 20:48:27.157 INFO  com.jiawa.train.gateway.config.LoginMemberFilter  :31   [32m                  [0;39m éœ€è¦ç™»å½•éªŒè¯ï¼š/member/passenger/save
2023-05-23 20:48:27.158 INFO  com.jiawa.train.gateway.config.LoginMemberFilter  :35   [32m                  [0;39m ä¼šå‘˜ç™»å½•éªŒè¯å¼€å§‹ï¼Œtokenï¼šeyJ0eXAiOiJKV1QiLCJhbGciOiJIUzI1NiJ9.eyJuYmYiOjE2ODQ4NDU4MzAsIm1vYmlsZSI6IjEzMDAwMDAwMDAwIiwiaWQiOjE2NTA0OTY2MjE1OTI1ODAwOTYsImV4cCI6MTY4NDkzMjIzMCwiaWF0IjoxNjg0ODQ1ODMwfQ.uOywUubaIvUDOtjwPI7ndgatwrEXCifYKQf_ibvOTCg
2023-05-23 20:48:27.158 INFO  com.jiawa.train.gateway.util.JwtUtil              :46   [32m                  [0;39m JWT tokenæ ¡éªŒç»“æœï¼štrue
2023-05-23 20:48:27.159 INFO  com.jiawa.train.gateway.config.LoginMemberFilter  :45   [32m                  [0;39m tokenæœ‰æ•ˆï¼Œæ”¾è¡Œè¯¥è¯·æ±‚
2023-05-23 20:48:32.084 INFO  com.jiawa.train.gateway.config.LoginMemberFilter  :31   [32m                  [0;39m éœ€è¦ç™»å½•éªŒè¯ï¼š/member/passenger/query-list
2023-05-23 20:48:32.085 INFO  com.jiawa.train.gateway.config.LoginMemberFilter  :35   [32m                  [0;39m ä¼šå‘˜ç™»å½•éªŒè¯å¼€å§‹ï¼Œtokenï¼šeyJ0eXAiOiJKV1QiLCJhbGciOiJIUzI1NiJ9.eyJuYmYiOjE2ODQ4NDU4MzAsIm1vYmlsZSI6IjEzMDAwMDAwMDAwIiwiaWQiOjE2NTA0OTY2MjE1OTI1ODAwOTYsImV4cCI6MTY4NDkzMjIzMCwiaWF0IjoxNjg0ODQ1ODMwfQ.uOywUubaIvUDOtjwPI7ndgatwrEXCifYKQf_ibvOTCg
2023-05-23 20:48:32.085 INFO  com.jiawa.train.gateway.util.JwtUtil              :46   [32m                  [0;39m JWT tokenæ ¡éªŒç»“æœï¼štrue
2023-05-23 20:48:32.086 INFO  com.jiawa.train.gateway.config.LoginMemberFilter  :45   [32m                  [0;39m tokenæœ‰æ•ˆï¼Œæ”¾è¡Œè¯¥è¯·æ±‚
